app/build/intermediates/manifest_merge_blame_file/release/processReleaseMainManifest/manifest-merger-blame-release-report.txt
1<?xml version="1.0" encoding="utf-8"?>
2<manifest xmlns:android="http://schemas.android.com/apk/res/android"
3    package="com.samtools"
4    android:versionCode="1"
5    android:versionName="1.0.0" >
6
7    <uses-sdk
8        android:minSdkVersion="26"
9        android:targetSdkVersion="35" />
10
11    <!-- Allow querying Tailscale package on Android 11+ (API 30+) -->
12    <queries>
12-->src/main/AndroidManifest.xml:5:5-7:15
13        <package android:name="com.tailscale.ipn" />
13-->src/main/AndroidManifest.xml:6:9-53
13-->src/main/AndroidManifest.xml:6:18-50
14    </queries>
15
16    <permission
16-->[androidx.core:core:1.13.1] AndroidManifest.xml:22:5-24:47
17        android:name="com.samtools.DYNAMIC_RECEIVER_NOT_EXPORTED_PERMISSION"
17-->[androidx.core:core:1.13.1] AndroidManifest.xml:23:9-81
18        android:protectionLevel="signature" />
18-->[androidx.core:core:1.13.1] AndroidManifest.xml:24:9-44
19
20    <uses-permission android:name="com.samtools.DYNAMIC_RECEIVER_NOT_EXPORTED_PERMISSION" />
20-->[androidx.core:core:1.13.1] AndroidManifest.xml:26:5-97
20-->[androidx.core:core:1.13.1] AndroidManifest.xml:26:22-94
21
22    <application
22-->src/main/AndroidManifest.xml:9:5-86:19
23        android:name="com.samtools.SamToolsApp"
23-->src/main/AndroidManifest.xml:10:9-36
24        android:allowBackup="true"
24-->src/main/AndroidManifest.xml:11:9-35
25        android:appComponentFactory="androidx.core.app.CoreComponentFactory"
25-->[androidx.core:core:1.13.1] AndroidManifest.xml:28:18-86
26        android:dataExtractionRules="@null"
26-->src/main/AndroidManifest.xml:12:9-44
27        android:extractNativeLibs="false"
28        android:fullBackupContent="@null"
28-->src/main/AndroidManifest.xml:13:9-42
29        android:icon="@mipmap/ic_launcher"
29-->src/main/AndroidManifest.xml:14:9-43
30        android:label="@string/app_name"
30-->src/main/AndroidManifest.xml:15:9-41
31        android:roundIcon="@mipmap/ic_launcher_round"
31-->src/main/AndroidManifest.xml:16:9-54
32        android:supportsRtl="true"
32-->src/main/AndroidManifest.xml:17:9-35
33        android:theme="@style/Theme.SamTools" >
33-->src/main/AndroidManifest.xml:18:9-46
34
35        <!-- Main Dashboard & Settings Activity -->
36        <activity
36-->src/main/AndroidManifest.xml:21:9-34:20
37            android:name="com.samtools.ui.MainActivity"
37-->src/main/AndroidManifest.xml:22:13-44
38            android:exported="true"
38-->src/main/AndroidManifest.xml:23:13-36
39            android:label="@string/app_name"
39-->src/main/AndroidManifest.xml:24:13-45
40            android:theme="@style/Theme.SamTools" >
40-->src/main/AndroidManifest.xml:25:13-50
41            <intent-filter>
41-->src/main/AndroidManifest.xml:26:13-29:29
42                <action android:name="android.intent.action.MAIN" />
42-->src/main/AndroidManifest.xml:27:17-69
42-->src/main/AndroidManifest.xml:27:25-66
43
44                <category android:name="android.intent.category.LAUNCHER" />
44-->src/main/AndroidManifest.xml:28:17-77
44-->src/main/AndroidManifest.xml:28:27-74
45            </intent-filter>
46
47            <meta-data
47-->src/main/AndroidManifest.xml:31:13-33:53
48                android:name="android.app.shortcuts"
48-->src/main/AndroidManifest.xml:32:17-53
49                android:resource="@xml/shortcuts" />
49-->src/main/AndroidManifest.xml:33:17-50
50        </activity>
51
52        <!-- Save to Downloads Share Sheet Target Activity -->
53        <activity
53-->src/main/AndroidManifest.xml:37:9-50:20
54            android:name="com.samtools.ui.SaveToDownloadsActivity"
54-->src/main/AndroidManifest.xml:38:13-55
55            android:exported="true"
55-->src/main/AndroidManifest.xml:39:13-36
56            android:icon="@drawable/ic_download"
56-->src/main/AndroidManifest.xml:40:13-49
57            android:label="@string/download"
57-->src/main/AndroidManifest.xml:41:13-45
58            android:theme="@style/Theme.SamTools.Translucent" >
58-->src/main/AndroidManifest.xml:42:13-62
59            <intent-filter android:label="@string/download" >
59-->src/main/AndroidManifest.xml:43:13-49:29
59-->src/main/AndroidManifest.xml:43:28-60
60                <action android:name="android.intent.action.SEND" />
60-->src/main/AndroidManifest.xml:44:17-69
60-->src/main/AndroidManifest.xml:44:25-66
61                <action android:name="android.intent.action.SEND_MULTIPLE" />
61-->src/main/AndroidManifest.xml:45:17-78
61-->src/main/AndroidManifest.xml:45:25-75
62
63                <category android:name="android.intent.category.DEFAULT" />
63-->src/main/AndroidManifest.xml:46:17-76
63-->src/main/AndroidManifest.xml:46:27-73
64                <!-- Comprehensive mime types for maximum share-sheet compatibility -->
65                <data android:mimeType="*/*" />
65-->src/main/AndroidManifest.xml:48:17-48
65-->src/main/AndroidManifest.xml:48:23-45
66            </intent-filter>
67        </activity> <!-- Activity Alias for Google Files "Save to Downloads" compatibility -->
68        <activity-alias
68-->src/main/AndroidManifest.xml:53:9-70:26
69            android:name="com.google.android.apps.nbu.files.gateway.savetodownloads.SaveToDownloadsActivity"
69-->src/main/AndroidManifest.xml:54:13-109
70            android:exported="true"
70-->src/main/AndroidManifest.xml:55:13-36
71            android:icon="@drawable/ic_download"
71-->src/main/AndroidManifest.xml:56:13-49
72            android:label="@string/download"
72-->src/main/AndroidManifest.xml:57:13-45
73            android:targetActivity="com.samtools.ui.SaveToDownloadsActivity" >
73-->src/main/AndroidManifest.xml:58:13-65
74            <intent-filter android:label="@string/download" >
74-->src/main/AndroidManifest.xml:59:13-69:29
74-->src/main/AndroidManifest.xml:59:28-60
75                <action android:name="android.intent.action.SEND" />
75-->src/main/AndroidManifest.xml:44:17-69
75-->src/main/AndroidManifest.xml:44:25-66
76                <action android:name="android.intent.action.SEND_MULTIPLE" />
76-->src/main/AndroidManifest.xml:45:17-78
76-->src/main/AndroidManifest.xml:45:25-75
77
78                <category android:name="android.intent.category.DEFAULT" />
78-->src/main/AndroidManifest.xml:46:17-76
78-->src/main/AndroidManifest.xml:46:27-73
79
80                <data android:mimeType="image/*" />
80-->src/main/AndroidManifest.xml:48:17-48
80-->src/main/AndroidManifest.xml:48:23-45
81                <data android:mimeType="video/*" />
81-->src/main/AndroidManifest.xml:48:17-48
81-->src/main/AndroidManifest.xml:48:23-45
82                <data android:mimeType="audio/*" />
82-->src/main/AndroidManifest.xml:48:17-48
82-->src/main/AndroidManifest.xml:48:23-45
83                <data android:mimeType="application/pdf" />
83-->src/main/AndroidManifest.xml:48:17-48
83-->src/main/AndroidManifest.xml:48:23-45
84                <data android:mimeType="text/plain" />
84-->src/main/AndroidManifest.xml:48:17-48
84-->src/main/AndroidManifest.xml:48:23-45
85                <data android:mimeType="*/*" />
85-->src/main/AndroidManifest.xml:48:17-48
85-->src/main/AndroidManifest.xml:48:23-45
86            </intent-filter>
87        </activity-alias>
88
89        <!-- Zero-UI Launcher Shortcut Trampoline -->
90        <activity
90-->src/main/AndroidManifest.xml:73:9-84:20
91            android:name="com.samtools.ui.ShortcutTrampolineActivity"
91-->src/main/AndroidManifest.xml:74:13-58
92            android:excludeFromRecents="true"
92-->src/main/AndroidManifest.xml:75:13-46
93            android:exported="true"
93-->src/main/AndroidManifest.xml:76:13-36
94            android:noHistory="true"
94-->src/main/AndroidManifest.xml:77:13-37
95            android:theme="@style/Theme.SamTools.Trampoline" >
95-->src/main/AndroidManifest.xml:78:13-61
96            <intent-filter>
96-->src/main/AndroidManifest.xml:79:13-83:29
97                <action android:name="com.samtools.action.SHORTCUT_TAILSCALE_CONNECT" />
97-->src/main/AndroidManifest.xml:80:17-89
97-->src/main/AndroidManifest.xml:80:25-86
98                <action android:name="com.samtools.action.SHORTCUT_TAILSCALE_DISCONNECT" />
98-->src/main/AndroidManifest.xml:81:17-92
98-->src/main/AndroidManifest.xml:81:25-89
99
100                <category android:name="android.intent.category.DEFAULT" />
100-->src/main/AndroidManifest.xml:46:17-76
100-->src/main/AndroidManifest.xml:46:27-73
101            </intent-filter>
102        </activity>
103
104        <provider
104-->[androidx.emoji2:emoji2:1.3.0] AndroidManifest.xml:24:9-32:20
105            android:name="androidx.startup.InitializationProvider"
105-->[androidx.emoji2:emoji2:1.3.0] AndroidManifest.xml:25:13-67
106            android:authorities="com.samtools.androidx-startup"
106-->[androidx.emoji2:emoji2:1.3.0] AndroidManifest.xml:26:13-68
107            android:exported="false" >
107-->[androidx.emoji2:emoji2:1.3.0] AndroidManifest.xml:27:13-37
108            <meta-data
108-->[androidx.emoji2:emoji2:1.3.0] AndroidManifest.xml:29:13-31:52
109                android:name="androidx.emoji2.text.EmojiCompatInitializer"
109-->[androidx.emoji2:emoji2:1.3.0] AndroidManifest.xml:30:17-75
110                android:value="androidx.startup" />
110-->[androidx.emoji2:emoji2:1.3.0] AndroidManifest.xml:31:17-49
111            <meta-data
111-->[androidx.lifecycle:lifecycle-process:2.8.5] AndroidManifest.xml:29:13-31:52
112                android:name="androidx.lifecycle.ProcessLifecycleInitializer"
112-->[androidx.lifecycle:lifecycle-process:2.8.5] AndroidManifest.xml:30:17-78
113                android:value="androidx.startup" />
113-->[androidx.lifecycle:lifecycle-process:2.8.5] AndroidManifest.xml:31:17-49
114            <meta-data
114-->[androidx.profileinstaller:profileinstaller:1.3.1] AndroidManifest.xml:29:13-31:52
115                android:name="androidx.profileinstaller.ProfileInstallerInitializer"
115-->[androidx.profileinstaller:profileinstaller:1.3.1] AndroidManifest.xml:30:17-85
116                android:value="androidx.startup" />
116-->[androidx.profileinstaller:profileinstaller:1.3.1] AndroidManifest.xml:31:17-49
117        </provider>
118
119        <receiver
119-->[androidx.profileinstaller:profileinstaller:1.3.1] AndroidManifest.xml:34:9-52:20
120            android:name="androidx.profileinstaller.ProfileInstallReceiver"
120-->[androidx.profileinstaller:profileinstaller:1.3.1] AndroidManifest.xml:35:13-76
121            android:directBootAware="false"
121-->[androidx.profileinstaller:profileinstaller:1.3.1] AndroidManifest.xml:36:13-44
122            android:enabled="true"
122-->[androidx.profileinstaller:profileinstaller:1.3.1] AndroidManifest.xml:37:13-35
123            android:exported="true"
123-->[androidx.profileinstaller:profileinstaller:1.3.1] AndroidManifest.xml:38:13-36
124            android:permission="android.permission.DUMP" >
124-->[androidx.profileinstaller:profileinstaller:1.3.1] AndroidManifest.xml:39:13-57
125            <intent-filter>
125-->[androidx.profileinstaller:profileinstaller:1.3.1] AndroidManifest.xml:40:13-42:29
126                <action android:name="androidx.profileinstaller.action.INSTALL_PROFILE" />
126-->[androidx.profileinstaller:profileinstaller:1.3.1] AndroidManifest.xml:41:17-91
126-->[androidx.profileinstaller:profileinstaller:1.3.1] AndroidManifest.xml:41:25-88
127            </intent-filter>
128            <intent-filter>
128-->[androidx.profileinstaller:profileinstaller:1.3.1] AndroidManifest.xml:43:13-45:29
129                <action android:name="androidx.profileinstaller.action.SKIP_FILE" />
129-->[androidx.profileinstaller:profileinstaller:1.3.1] AndroidManifest.xml:44:17-85
129-->[androidx.profileinstaller:profileinstaller:1.3.1] AndroidManifest.xml:44:25-82
130            </intent-filter>
131            <intent-filter>
131-->[androidx.profileinstaller:profileinstaller:1.3.1] AndroidManifest.xml:46:13-48:29
132                <action android:name="androidx.profileinstaller.action.SAVE_PROFILE" />
132-->[androidx.profileinstaller:profileinstaller:1.3.1] AndroidManifest.xml:47:17-88
132-->[androidx.profileinstaller:profileinstaller:1.3.1] AndroidManifest.xml:47:25-85
133            </intent-filter>
134            <intent-filter>
134-->[androidx.profileinstaller:profileinstaller:1.3.1] AndroidManifest.xml:49:13-51:29
135                <action android:name="androidx.profileinstaller.action.BENCHMARK_OPERATION" />
135-->[androidx.profileinstaller:profileinstaller:1.3.1] AndroidManifest.xml:50:17-95
135-->[androidx.profileinstaller:profileinstaller:1.3.1] AndroidManifest.xml:50:25-92
136            </intent-filter>
137        </receiver>
138    </application>
139
140</manifest>